2022-04-18 23:46:07,349 [Worker-4: Loading available Gradle versions] INFO  o.e.b.c.i.u.g.PublishedGradleVersions - Gradle version information cache is up-to-date. Trying to read.
2022-04-18 23:47:57,730 [Worker-14: Importing Maven projects] INFO  o.e.m.c.i.l.LifecycleMappingFactory - Using org.maven.ide.eclipse.wtp.WarLifecycleMapping lifecycle mapping for MavenProject: 02_buscador_spring_yo:02_buscador_spring_yo:0.0.1-SNAPSHOT @ C:\Users\alvaro.penalva\Documents\BabelCamp\Ejercicios2\02_buscador_spring_yo\pom.xml.
2022-04-18 23:47:59,824 [Worker-14: Importing Maven projects] INFO  o.e.m.j.i.AbstractJavaProjectConfigurator - Adding source folder /02_buscador_spring_yo/src/main/java
2022-04-18 23:47:59,824 [Worker-14: Importing Maven projects] INFO  o.e.m.j.i.AbstractJavaProjectConfigurator - Adding source folder /02_buscador_spring_yo/src/test/java
2022-04-18 23:48:00,138 [Worker-14: Importing Maven projects] INFO  o.e.m.c.i.p.ProjectConfigurationManager - Imported and configured 1 project(s) in 3 sec
2022-04-18 23:48:03,375 [Worker-20: Building] WARN  o.e.m.c.i.embedder.EclipseLogger - Using platform encoding (Cp1252 actually) to copy filtered resources, i.e. build is platform dependent!
2022-04-18 23:48:03,376 [Worker-20: Building] INFO  o.e.m.c.i.embedder.EclipseLogger - skip non existing resourceDirectory C:\Users\alvaro.penalva\Documents\BabelCamp\Ejercicios2\02_buscador_spring_yo\src\main\resources
2022-04-18 23:48:03,379 [Worker-20: Building] WARN  o.e.m.c.i.embedder.EclipseLogger - Using platform encoding (Cp1252 actually) to copy filtered resources, i.e. build is platform dependent!
2022-04-18 23:48:03,380 [Worker-20: Building] INFO  o.e.m.c.i.embedder.EclipseLogger - skip non existing resourceDirectory C:\Users\alvaro.penalva\Documents\BabelCamp\Ejercicios2\02_buscador_spring_yo\src\test\resources
2022-04-18 23:48:50,093 [Worker-19: Building] WARN  o.e.m.c.i.embedder.EclipseLogger - Using platform encoding (Cp1252 actually) to copy filtered resources, i.e. build is platform dependent!
2022-04-18 23:48:50,094 [Worker-19: Building] INFO  o.e.m.c.i.embedder.EclipseLogger - skip non existing resourceDirectory C:\Users\alvaro.penalva\Documents\BabelCamp\Ejercicios2\02_buscador_spring_yo\src\main\resources
2022-04-18 23:48:50,096 [Worker-19: Building] WARN  o.e.m.c.i.embedder.EclipseLogger - Using platform encoding (Cp1252 actually) to copy filtered resources, i.e. build is platform dependent!
2022-04-18 23:48:50,096 [Worker-19: Building] INFO  o.e.m.c.i.embedder.EclipseLogger - skip non existing resourceDirectory C:\Users\alvaro.penalva\Documents\BabelCamp\Ejercicios2\02_buscador_spring_yo\src\test\resources
2022-04-19 00:27:41,122 [Worker-28: Building] WARN  o.e.m.c.i.embedder.EclipseLogger - Using platform encoding (Cp1252 actually) to copy filtered resources, i.e. build is platform dependent!
2022-04-19 00:27:41,123 [Worker-28: Building] INFO  o.e.m.c.i.embedder.EclipseLogger - skip non existing resourceDirectory C:\Users\alvaro.penalva\Documents\BabelCamp\Ejercicios2\02_buscador_spring_yo\src\main\resources
2022-04-19 00:27:41,124 [Worker-28: Building] WARN  o.e.m.c.i.embedder.EclipseLogger - Using platform encoding (Cp1252 actually) to copy filtered resources, i.e. build is platform dependent!
2022-04-19 00:27:41,124 [Worker-28: Building] INFO  o.e.m.c.i.embedder.EclipseLogger - skip non existing resourceDirectory C:\Users\alvaro.penalva\Documents\BabelCamp\Ejercicios2\02_buscador_spring_yo\src\test\resources
2022-04-19 00:27:44,899 [Worker-27: Building] WARN  o.e.m.c.i.embedder.EclipseLogger - Using platform encoding (Cp1252 actually) to copy filtered resources, i.e. build is platform dependent!
2022-04-19 00:27:44,911 [Worker-27: Building] INFO  o.e.m.c.i.embedder.EclipseLogger - skip non existing resourceDirectory C:\Users\alvaro.penalva\Documents\BabelCamp\Ejercicios2\02_buscador_spring_yo\src\main\resources
2022-04-19 00:27:44,912 [Worker-27: Building] WARN  o.e.m.c.i.embedder.EclipseLogger - Using platform encoding (Cp1252 actually) to copy filtered resources, i.e. build is platform dependent!
2022-04-19 00:27:44,913 [Worker-27: Building] INFO  o.e.m.c.i.embedder.EclipseLogger - skip non existing resourceDirectory C:\Users\alvaro.penalva\Documents\BabelCamp\Ejercicios2\02_buscador_spring_yo\src\test\resources
2022-04-19 00:54:55,119 [Worker-35: Building] WARN  o.e.m.c.i.embedder.EclipseLogger - Using platform encoding (Cp1252 actually) to copy filtered resources, i.e. build is platform dependent!
2022-04-19 00:54:55,121 [Worker-35: Building] INFO  o.e.m.c.i.embedder.EclipseLogger - skip non existing resourceDirectory C:\Users\alvaro.penalva\Documents\BabelCamp\Ejercicios2\02_buscador_spring_yo\src\main\resources
2022-04-19 00:54:55,122 [Worker-35: Building] WARN  o.e.m.c.i.embedder.EclipseLogger - Using platform encoding (Cp1252 actually) to copy filtered resources, i.e. build is platform dependent!
2022-04-19 00:54:55,122 [Worker-35: Building] INFO  o.e.m.c.i.embedder.EclipseLogger - skip non existing resourceDirectory C:\Users\alvaro.penalva\Documents\BabelCamp\Ejercicios2\02_buscador_spring_yo\src\test\resources
2022-04-19 00:55:01,506 [Worker-28: Building] WARN  o.e.m.c.i.embedder.EclipseLogger - Using platform encoding (Cp1252 actually) to copy filtered resources, i.e. build is platform dependent!
2022-04-19 00:55:01,508 [Worker-28: Building] INFO  o.e.m.c.i.embedder.EclipseLogger - skip non existing resourceDirectory C:\Users\alvaro.penalva\Documents\BabelCamp\Ejercicios2\02_buscador_spring_yo\src\main\resources
2022-04-19 00:55:01,508 [Worker-28: Building] WARN  o.e.m.c.i.embedder.EclipseLogger - Using platform encoding (Cp1252 actually) to copy filtered resources, i.e. build is platform dependent!
2022-04-19 00:55:01,510 [Worker-28: Building] INFO  o.e.m.c.i.embedder.EclipseLogger - skip non existing resourceDirectory C:\Users\alvaro.penalva\Documents\BabelCamp\Ejercicios2\02_buscador_spring_yo\src\test\resources
2022-04-19 00:56:21,479 [Worker-35: Building] WARN  o.e.m.c.i.embedder.EclipseLogger - Using platform encoding (Cp1252 actually) to copy filtered resources, i.e. build is platform dependent!
2022-04-19 00:56:21,480 [Worker-35: Building] INFO  o.e.m.c.i.embedder.EclipseLogger - skip non existing resourceDirectory C:\Users\alvaro.penalva\Documents\BabelCamp\Ejercicios2\02_buscador_spring_yo\src\main\resources
2022-04-19 00:56:21,481 [Worker-35: Building] WARN  o.e.m.c.i.embedder.EclipseLogger - Using platform encoding (Cp1252 actually) to copy filtered resources, i.e. build is platform dependent!
2022-04-19 00:56:21,482 [Worker-35: Building] INFO  o.e.m.c.i.embedder.EclipseLogger - skip non existing resourceDirectory C:\Users\alvaro.penalva\Documents\BabelCamp\Ejercicios2\02_buscador_spring_yo\src\test\resources
2022-04-19 00:56:49,670 [Worker-37: Building] WARN  o.e.m.c.i.embedder.EclipseLogger - Using platform encoding (Cp1252 actually) to copy filtered resources, i.e. build is platform dependent!
2022-04-19 00:56:49,671 [Worker-37: Building] INFO  o.e.m.c.i.embedder.EclipseLogger - skip non existing resourceDirectory C:\Users\alvaro.penalva\Documents\BabelCamp\Ejercicios2\02_buscador_spring_yo\src\main\resources
2022-04-19 00:56:49,674 [Worker-37: Building] WARN  o.e.m.c.i.embedder.EclipseLogger - Using platform encoding (Cp1252 actually) to copy filtered resources, i.e. build is platform dependent!
2022-04-19 00:56:49,675 [Worker-37: Building] INFO  o.e.m.c.i.embedder.EclipseLogger - skip non existing resourceDirectory C:\Users\alvaro.penalva\Documents\BabelCamp\Ejercicios2\02_buscador_spring_yo\src\test\resources
2022-04-19 00:57:04,476 [Worker-28: Building] WARN  o.e.m.c.i.embedder.EclipseLogger - Using platform encoding (Cp1252 actually) to copy filtered resources, i.e. build is platform dependent!
2022-04-19 00:57:04,477 [Worker-28: Building] INFO  o.e.m.c.i.embedder.EclipseLogger - skip non existing resourceDirectory C:\Users\alvaro.penalva\Documents\BabelCamp\Ejercicios2\02_buscador_spring_yo\src\main\resources
2022-04-19 00:57:04,478 [Worker-28: Building] WARN  o.e.m.c.i.embedder.EclipseLogger - Using platform encoding (Cp1252 actually) to copy filtered resources, i.e. build is platform dependent!
2022-04-19 00:57:04,479 [Worker-28: Building] INFO  o.e.m.c.i.embedder.EclipseLogger - skip non existing resourceDirectory C:\Users\alvaro.penalva\Documents\BabelCamp\Ejercicios2\02_buscador_spring_yo\src\test\resources
2022-04-19 00:59:12,040 [Worker-37: Building] WARN  o.e.m.c.i.embedder.EclipseLogger - Using platform encoding (Cp1252 actually) to copy filtered resources, i.e. build is platform dependent!
2022-04-19 00:59:12,041 [Worker-37: Building] INFO  o.e.m.c.i.embedder.EclipseLogger - skip non existing resourceDirectory C:\Users\alvaro.penalva\Documents\BabelCamp\Ejercicios2\02_buscador_spring_yo\src\main\resources
2022-04-19 00:59:12,042 [Worker-37: Building] WARN  o.e.m.c.i.embedder.EclipseLogger - Using platform encoding (Cp1252 actually) to copy filtered resources, i.e. build is platform dependent!
2022-04-19 00:59:12,042 [Worker-37: Building] INFO  o.e.m.c.i.embedder.EclipseLogger - skip non existing resourceDirectory C:\Users\alvaro.penalva\Documents\BabelCamp\Ejercicios2\02_buscador_spring_yo\src\test\resources
2022-04-19 01:06:57,368 [Worker-43: Building] WARN  o.e.m.c.i.embedder.EclipseLogger - Using platform encoding (Cp1252 actually) to copy filtered resources, i.e. build is platform dependent!
2022-04-19 01:06:57,369 [Worker-43: Building] INFO  o.e.m.c.i.embedder.EclipseLogger - skip non existing resourceDirectory C:\Users\alvaro.penalva\Documents\BabelCamp\Ejercicios2\02_buscador_spring_yo\src\main\resources
2022-04-19 01:06:57,369 [Worker-43: Building] WARN  o.e.m.c.i.embedder.EclipseLogger - Using platform encoding (Cp1252 actually) to copy filtered resources, i.e. build is platform dependent!
2022-04-19 01:06:57,370 [Worker-43: Building] INFO  o.e.m.c.i.embedder.EclipseLogger - skip non existing resourceDirectory C:\Users\alvaro.penalva\Documents\BabelCamp\Ejercicios2\02_buscador_spring_yo\src\test\resources
2022-04-19 01:07:49,036 [Worker-42: Building] WARN  o.e.m.c.i.embedder.EclipseLogger - Using platform encoding (Cp1252 actually) to copy filtered resources, i.e. build is platform dependent!
2022-04-19 01:07:49,038 [Worker-42: Building] INFO  o.e.m.c.i.embedder.EclipseLogger - skip non existing resourceDirectory C:\Users\alvaro.penalva\Documents\BabelCamp\Ejercicios2\02_buscador_spring_yo\src\main\resources
2022-04-19 01:07:49,038 [Worker-42: Building] WARN  o.e.m.c.i.embedder.EclipseLogger - Using platform encoding (Cp1252 actually) to copy filtered resources, i.e. build is platform dependent!
2022-04-19 01:07:49,040 [Worker-42: Building] INFO  o.e.m.c.i.embedder.EclipseLogger - skip non existing resourceDirectory C:\Users\alvaro.penalva\Documents\BabelCamp\Ejercicios2\02_buscador_spring_yo\src\test\resources
2022-04-19 01:19:20,470 [Worker-67: Building] WARN  o.e.m.c.i.embedder.EclipseLogger - Using platform encoding (Cp1252 actually) to copy filtered resources, i.e. build is platform dependent!
2022-04-19 01:19:20,471 [Worker-67: Building] INFO  o.e.m.c.i.embedder.EclipseLogger - skip non existing resourceDirectory C:\Users\alvaro.penalva\Documents\BabelCamp\Ejercicios2\02_buscador_spring_yo\src\main\resources
2022-04-19 01:19:20,472 [Worker-67: Building] WARN  o.e.m.c.i.embedder.EclipseLogger - Using platform encoding (Cp1252 actually) to copy filtered resources, i.e. build is platform dependent!
2022-04-19 01:19:20,473 [Worker-67: Building] INFO  o.e.m.c.i.embedder.EclipseLogger - skip non existing resourceDirectory C:\Users\alvaro.penalva\Documents\BabelCamp\Ejercicios2\02_buscador_spring_yo\src\test\resources
2022-04-19 01:19:22,561 [Worker-74: Building] WARN  o.e.m.c.i.embedder.EclipseLogger - Using platform encoding (Cp1252 actually) to copy filtered resources, i.e. build is platform dependent!
2022-04-19 01:19:22,561 [Worker-74: Building] INFO  o.e.m.c.i.embedder.EclipseLogger - skip non existing resourceDirectory C:\Users\alvaro.penalva\Documents\BabelCamp\Ejercicios2\02_buscador_spring_yo\src\main\resources
2022-04-19 01:19:22,562 [Worker-74: Building] WARN  o.e.m.c.i.embedder.EclipseLogger - Using platform encoding (Cp1252 actually) to copy filtered resources, i.e. build is platform dependent!
2022-04-19 01:19:22,562 [Worker-74: Building] INFO  o.e.m.c.i.embedder.EclipseLogger - skip non existing resourceDirectory C:\Users\alvaro.penalva\Documents\BabelCamp\Ejercicios2\02_buscador_spring_yo\src\test\resources
2022-04-19 01:19:47,616 [Worker-77: Building] WARN  o.e.m.c.i.embedder.EclipseLogger - Using platform encoding (Cp1252 actually) to copy filtered resources, i.e. build is platform dependent!
2022-04-19 01:19:47,617 [Worker-77: Building] INFO  o.e.m.c.i.embedder.EclipseLogger - skip non existing resourceDirectory C:\Users\alvaro.penalva\Documents\BabelCamp\Ejercicios2\02_buscador_spring_yo\src\main\resources
2022-04-19 01:19:47,618 [Worker-77: Building] WARN  o.e.m.c.i.embedder.EclipseLogger - Using platform encoding (Cp1252 actually) to copy filtered resources, i.e. build is platform dependent!
2022-04-19 01:19:47,619 [Worker-77: Building] INFO  o.e.m.c.i.embedder.EclipseLogger - skip non existing resourceDirectory C:\Users\alvaro.penalva\Documents\BabelCamp\Ejercicios2\02_buscador_spring_yo\src\test\resources
2022-04-19 01:21:21,269 [Worker-80: Building] WARN  o.e.m.c.i.embedder.EclipseLogger - Using platform encoding (Cp1252 actually) to copy filtered resources, i.e. build is platform dependent!
2022-04-19 01:21:21,269 [Worker-80: Building] INFO  o.e.m.c.i.embedder.EclipseLogger - skip non existing resourceDirectory C:\Users\alvaro.penalva\Documents\BabelCamp\Ejercicios2\02_buscador_spring_yo\src\main\resources
2022-04-19 01:21:21,270 [Worker-80: Building] WARN  o.e.m.c.i.embedder.EclipseLogger - Using platform encoding (Cp1252 actually) to copy filtered resources, i.e. build is platform dependent!
2022-04-19 01:21:21,271 [Worker-80: Building] INFO  o.e.m.c.i.embedder.EclipseLogger - skip non existing resourceDirectory C:\Users\alvaro.penalva\Documents\BabelCamp\Ejercicios2\02_buscador_spring_yo\src\test\resources
2022-04-19 01:21:52,427 [Worker-68: Building] WARN  o.e.m.c.i.embedder.EclipseLogger - Using platform encoding (Cp1252 actually) to copy filtered resources, i.e. build is platform dependent!
2022-04-19 01:21:52,428 [Worker-68: Building] INFO  o.e.m.c.i.embedder.EclipseLogger - skip non existing resourceDirectory C:\Users\alvaro.penalva\Documents\BabelCamp\Ejercicios2\02_buscador_spring_yo\src\main\resources
2022-04-19 01:21:52,429 [Worker-68: Building] WARN  o.e.m.c.i.embedder.EclipseLogger - Using platform encoding (Cp1252 actually) to copy filtered resources, i.e. build is platform dependent!
2022-04-19 01:21:52,430 [Worker-68: Building] INFO  o.e.m.c.i.embedder.EclipseLogger - skip non existing resourceDirectory C:\Users\alvaro.penalva\Documents\BabelCamp\Ejercicios2\02_buscador_spring_yo\src\test\resources
2022-04-19 01:22:20,799 [Worker-80: Building] WARN  o.e.m.c.i.embedder.EclipseLogger - Using platform encoding (Cp1252 actually) to copy filtered resources, i.e. build is platform dependent!
2022-04-19 01:22:20,800 [Worker-80: Building] INFO  o.e.m.c.i.embedder.EclipseLogger - skip non existing resourceDirectory C:\Users\alvaro.penalva\Documents\BabelCamp\Ejercicios2\02_buscador_spring_yo\src\main\resources
2022-04-19 01:22:20,800 [Worker-80: Building] WARN  o.e.m.c.i.embedder.EclipseLogger - Using platform encoding (Cp1252 actually) to copy filtered resources, i.e. build is platform dependent!
2022-04-19 01:22:20,801 [Worker-80: Building] INFO  o.e.m.c.i.embedder.EclipseLogger - skip non existing resourceDirectory C:\Users\alvaro.penalva\Documents\BabelCamp\Ejercicios2\02_buscador_spring_yo\src\test\resources
2022-04-19 01:22:26,153 [Worker-90: Building] WARN  o.e.m.c.i.embedder.EclipseLogger - Using platform encoding (Cp1252 actually) to copy filtered resources, i.e. build is platform dependent!
2022-04-19 01:22:26,154 [Worker-90: Building] INFO  o.e.m.c.i.embedder.EclipseLogger - skip non existing resourceDirectory C:\Users\alvaro.penalva\Documents\BabelCamp\Ejercicios2\02_buscador_spring_yo\src\main\resources
2022-04-19 01:22:26,154 [Worker-90: Building] WARN  o.e.m.c.i.embedder.EclipseLogger - Using platform encoding (Cp1252 actually) to copy filtered resources, i.e. build is platform dependent!
2022-04-19 01:22:26,155 [Worker-90: Building] INFO  o.e.m.c.i.embedder.EclipseLogger - skip non existing resourceDirectory C:\Users\alvaro.penalva\Documents\BabelCamp\Ejercicios2\02_buscador_spring_yo\src\test\resources
2022-04-19 01:23:13,828 [Worker-78: Building] WARN  o.e.m.c.i.embedder.EclipseLogger - Using platform encoding (Cp1252 actually) to copy filtered resources, i.e. build is platform dependent!
2022-04-19 01:23:13,829 [Worker-78: Building] INFO  o.e.m.c.i.embedder.EclipseLogger - skip non existing resourceDirectory C:\Users\alvaro.penalva\Documents\BabelCamp\Ejercicios2\02_buscador_spring_yo\src\main\resources
2022-04-19 01:23:13,830 [Worker-78: Building] WARN  o.e.m.c.i.embedder.EclipseLogger - Using platform encoding (Cp1252 actually) to copy filtered resources, i.e. build is platform dependent!
2022-04-19 01:23:13,831 [Worker-78: Building] INFO  o.e.m.c.i.embedder.EclipseLogger - skip non existing resourceDirectory C:\Users\alvaro.penalva\Documents\BabelCamp\Ejercicios2\02_buscador_spring_yo\src\test\resources
2022-04-19 01:24:15,822 [Worker-85: Building] INFO  o.e.m.c.i.l.LifecycleMappingFactory - Using org.maven.ide.eclipse.wtp.WarLifecycleMapping lifecycle mapping for MavenProject: 02_buscador_spring_yo:02_buscador_spring_yo:0.0.1-SNAPSHOT @ C:\Users\alvaro.penalva\Documents\BabelCamp\Ejercicios2\02_buscador_spring_yo\pom.xml.
2022-04-19 01:24:16,251 [Worker-85: Building] WARN  o.e.m.c.i.embedder.EclipseLogger - Using platform encoding (Cp1252 actually) to copy filtered resources, i.e. build is platform dependent!
2022-04-19 01:24:16,252 [Worker-85: Building] INFO  o.e.m.c.i.embedder.EclipseLogger - skip non existing resourceDirectory C:\Users\alvaro.penalva\Documents\BabelCamp\Ejercicios2\02_buscador_spring_yo\src\main\resources
2022-04-19 01:24:16,254 [Worker-85: Building] WARN  o.e.m.c.i.embedder.EclipseLogger - Using platform encoding (Cp1252 actually) to copy filtered resources, i.e. build is platform dependent!
2022-04-19 01:24:16,255 [Worker-85: Building] INFO  o.e.m.c.i.embedder.EclipseLogger - skip non existing resourceDirectory C:\Users\alvaro.penalva\Documents\BabelCamp\Ejercicios2\02_buscador_spring_yo\src\test\resources
2022-04-19 01:24:16,255 [Worker-85: Building] INFO  o.e.m.w.i.f.ResourceFilteringBuildParticipant - Changed resources require a complete clean of filtered resources of 02_buscador_spring_yo
2022-04-19 01:24:16,256 [Worker-85: Building] INFO  o.e.m.w.i.f.ResourceFilteringBuildParticipant - Executing resource filtering for 02_buscador_spring_yo
2022-04-19 01:24:16,259 [Worker-85: Building] WARN  o.e.m.c.i.embedder.EclipseLogger - The POM for org.apache.maven.plugins:maven-clean-plugin:jar:2.5 is missing, no dependency information available
2022-04-19 01:24:16,264 [Worker-85: Building] WARN  o.e.m.c.i.embedder.EclipseLogger - Using platform encoding (Cp1252 actually) to copy filtered resources, i.e. build is platform dependent!
2022-04-19 01:24:17,448 [Worker-64: Building] WARN  o.e.m.c.i.embedder.EclipseLogger - Using platform encoding (Cp1252 actually) to copy filtered resources, i.e. build is platform dependent!
2022-04-19 01:24:17,449 [Worker-64: Building] INFO  o.e.m.c.i.embedder.EclipseLogger - skip non existing resourceDirectory C:\Users\alvaro.penalva\Documents\BabelCamp\Ejercicios2\02_buscador_spring_yo\src\main\resources
2022-04-19 01:24:17,449 [Worker-64: Building] WARN  o.e.m.c.i.embedder.EclipseLogger - Using platform encoding (Cp1252 actually) to copy filtered resources, i.e. build is platform dependent!
2022-04-19 01:24:17,450 [Worker-64: Building] INFO  o.e.m.c.i.embedder.EclipseLogger - skip non existing resourceDirectory C:\Users\alvaro.penalva\Documents\BabelCamp\Ejercicios2\02_buscador_spring_yo\src\test\resources
2022-04-19 01:24:44,839 [Worker-85: Cleaning all projects] INFO  o.e.m.w.i.f.ResourceFilteringBuildParticipant - Cleaning filtered folder for 02_buscador_spring_yo
2022-04-19 01:24:44,984 [Worker-83: Building] WARN  o.e.m.c.i.embedder.EclipseLogger - Using platform encoding (Cp1252 actually) to copy filtered resources, i.e. build is platform dependent!
2022-04-19 01:24:44,984 [Worker-83: Building] INFO  o.e.m.c.i.embedder.EclipseLogger - skip non existing resourceDirectory C:\Users\alvaro.penalva\Documents\BabelCamp\Ejercicios2\02_buscador_spring_yo\src\main\resources
2022-04-19 01:24:44,985 [Worker-83: Building] WARN  o.e.m.c.i.embedder.EclipseLogger - Using platform encoding (Cp1252 actually) to copy filtered resources, i.e. build is platform dependent!
2022-04-19 01:24:44,985 [Worker-83: Building] INFO  o.e.m.c.i.embedder.EclipseLogger - skip non existing resourceDirectory C:\Users\alvaro.penalva\Documents\BabelCamp\Ejercicios2\02_buscador_spring_yo\src\test\resources
2022-04-19 01:24:44,986 [Worker-83: Building] INFO  o.e.m.w.i.f.ResourceFilteringBuildParticipant - Changed resources require a complete clean of filtered resources of 02_buscador_spring_yo
2022-04-19 01:24:44,986 [Worker-83: Building] INFO  o.e.m.w.i.f.ResourceFilteringBuildParticipant - Executing resource filtering for 02_buscador_spring_yo
2022-04-19 01:24:44,989 [Worker-83: Building] WARN  o.e.m.c.i.embedder.EclipseLogger - Using platform encoding (Cp1252 actually) to copy filtered resources, i.e. build is platform dependent!
2022-04-19 01:30:46,552 [Worker-4: Loading available Gradle versions] INFO  o.e.b.c.i.u.g.PublishedGradleVersions - Gradle version information cache is up-to-date. Trying to read.
2022-04-19 01:30:49,817 [Worker-5: Building] WARN  o.e.m.c.i.embedder.EclipseLogger - Using platform encoding (Cp1252 actually) to copy filtered resources, i.e. build is platform dependent!
2022-04-19 01:30:49,821 [Worker-5: Building] INFO  o.e.m.c.i.embedder.EclipseLogger - skip non existing resourceDirectory C:\Users\alvaro.penalva\Documents\BabelCamp\Ejercicios2\02_buscador_spring_yo\src\main\resources
2022-04-19 01:30:49,825 [Worker-5: Building] WARN  o.e.m.c.i.embedder.EclipseLogger - Using platform encoding (Cp1252 actually) to copy filtered resources, i.e. build is platform dependent!
2022-04-19 01:30:49,827 [Worker-5: Building] INFO  o.e.m.c.i.embedder.EclipseLogger - skip non existing resourceDirectory C:\Users\alvaro.penalva\Documents\BabelCamp\Ejercicios2\02_buscador_spring_yo\src\test\resources
2022-04-19 01:32:05,716 [Worker-6: Building] WARN  o.e.m.c.i.embedder.EclipseLogger - Using platform encoding (Cp1252 actually) to copy filtered resources, i.e. build is platform dependent!
2022-04-19 01:32:05,717 [Worker-6: Building] INFO  o.e.m.c.i.embedder.EclipseLogger - skip non existing resourceDirectory C:\Users\alvaro.penalva\Documents\BabelCamp\Ejercicios2\02_buscador_spring_yo\src\main\resources
2022-04-19 01:32:05,718 [Worker-6: Building] WARN  o.e.m.c.i.embedder.EclipseLogger - Using platform encoding (Cp1252 actually) to copy filtered resources, i.e. build is platform dependent!
2022-04-19 01:32:05,719 [Worker-6: Building] INFO  o.e.m.c.i.embedder.EclipseLogger - skip non existing resourceDirectory C:\Users\alvaro.penalva\Documents\BabelCamp\Ejercicios2\02_buscador_spring_yo\src\test\resources
2022-04-19 01:32:20,334 [Worker-0: Building] WARN  o.e.m.c.i.embedder.EclipseLogger - Using platform encoding (Cp1252 actually) to copy filtered resources, i.e. build is platform dependent!
2022-04-19 01:32:20,335 [Worker-0: Building] INFO  o.e.m.c.i.embedder.EclipseLogger - skip non existing resourceDirectory C:\Users\alvaro.penalva\Documents\BabelCamp\Ejercicios2\02_buscador_spring_yo\src\main\resources
2022-04-19 01:32:20,337 [Worker-0: Building] WARN  o.e.m.c.i.embedder.EclipseLogger - Using platform encoding (Cp1252 actually) to copy filtered resources, i.e. build is platform dependent!
2022-04-19 01:32:20,338 [Worker-0: Building] INFO  o.e.m.c.i.embedder.EclipseLogger - skip non existing resourceDirectory C:\Users\alvaro.penalva\Documents\BabelCamp\Ejercicios2\02_buscador_spring_yo\src\test\resources
2022-04-19 01:32:20,466 [Worker-3: Building] WARN  o.e.m.c.i.embedder.EclipseLogger - Using platform encoding (Cp1252 actually) to copy filtered resources, i.e. build is platform dependent!
2022-04-19 01:32:20,468 [Worker-3: Building] INFO  o.e.m.c.i.embedder.EclipseLogger - skip non existing resourceDirectory C:\Users\alvaro.penalva\Documents\BabelCamp\Ejercicios2\02_buscador_spring_yo\src\main\resources
2022-04-19 01:32:20,469 [Worker-3: Building] WARN  o.e.m.c.i.embedder.EclipseLogger - Using platform encoding (Cp1252 actually) to copy filtered resources, i.e. build is platform dependent!
2022-04-19 01:32:20,470 [Worker-3: Building] INFO  o.e.m.c.i.embedder.EclipseLogger - skip non existing resourceDirectory C:\Users\alvaro.penalva\Documents\BabelCamp\Ejercicios2\02_buscador_spring_yo\src\test\resources
2022-04-19 01:32:56,749 [Worker-6: Building] WARN  o.e.m.c.i.embedder.EclipseLogger - Using platform encoding (Cp1252 actually) to copy filtered resources, i.e. build is platform dependent!
2022-04-19 01:32:56,750 [Worker-6: Building] INFO  o.e.m.c.i.embedder.EclipseLogger - skip non existing resourceDirectory C:\Users\alvaro.penalva\Documents\BabelCamp\Ejercicios2\02_buscador_spring_yo\src\main\resources
2022-04-19 01:32:56,751 [Worker-6: Building] WARN  o.e.m.c.i.embedder.EclipseLogger - Using platform encoding (Cp1252 actually) to copy filtered resources, i.e. build is platform dependent!
2022-04-19 01:32:56,752 [Worker-6: Building] INFO  o.e.m.c.i.embedder.EclipseLogger - skip non existing resourceDirectory C:\Users\alvaro.penalva\Documents\BabelCamp\Ejercicios2\02_buscador_spring_yo\src\test\resources
2022-04-19 01:34:00,369 [Worker-17: Building] WARN  o.e.m.c.i.embedder.EclipseLogger - Using platform encoding (Cp1252 actually) to copy filtered resources, i.e. build is platform dependent!
2022-04-19 01:34:00,370 [Worker-17: Building] INFO  o.e.m.c.i.embedder.EclipseLogger - skip non existing resourceDirectory C:\Users\alvaro.penalva\Documents\BabelCamp\Ejercicios2\02_buscador_spring_yo\src\main\resources
2022-04-19 01:34:00,371 [Worker-17: Building] WARN  o.e.m.c.i.embedder.EclipseLogger - Using platform encoding (Cp1252 actually) to copy filtered resources, i.e. build is platform dependent!
2022-04-19 01:34:00,371 [Worker-17: Building] INFO  o.e.m.c.i.embedder.EclipseLogger - skip non existing resourceDirectory C:\Users\alvaro.penalva\Documents\BabelCamp\Ejercicios2\02_buscador_spring_yo\src\test\resources
2022-04-19 01:35:48,346 [Worker-19: Building] WARN  o.e.m.c.i.embedder.EclipseLogger - Using platform encoding (Cp1252 actually) to copy filtered resources, i.e. build is platform dependent!
2022-04-19 01:35:48,347 [Worker-19: Building] INFO  o.e.m.c.i.embedder.EclipseLogger - skip non existing resourceDirectory C:\Users\alvaro.penalva\Documents\BabelCamp\Ejercicios2\02_buscador_spring_yo\src\main\resources
2022-04-19 01:35:48,348 [Worker-19: Building] WARN  o.e.m.c.i.embedder.EclipseLogger - Using platform encoding (Cp1252 actually) to copy filtered resources, i.e. build is platform dependent!
2022-04-19 01:35:48,349 [Worker-19: Building] INFO  o.e.m.c.i.embedder.EclipseLogger - skip non existing resourceDirectory C:\Users\alvaro.penalva\Documents\BabelCamp\Ejercicios2\02_buscador_spring_yo\src\test\resources
2022-04-19 01:37:43,204 [Worker-14: Building] WARN  o.e.m.c.i.embedder.EclipseLogger - Using platform encoding (Cp1252 actually) to copy filtered resources, i.e. build is platform dependent!
2022-04-19 01:37:43,205 [Worker-14: Building] INFO  o.e.m.c.i.embedder.EclipseLogger - skip non existing resourceDirectory C:\Users\alvaro.penalva\Documents\BabelCamp\Ejercicios2\02_buscador_spring_yo\src\main\resources
2022-04-19 01:37:43,207 [Worker-14: Building] WARN  o.e.m.c.i.embedder.EclipseLogger - Using platform encoding (Cp1252 actually) to copy filtered resources, i.e. build is platform dependent!
2022-04-19 01:37:43,209 [Worker-14: Building] INFO  o.e.m.c.i.embedder.EclipseLogger - skip non existing resourceDirectory C:\Users\alvaro.penalva\Documents\BabelCamp\Ejercicios2\02_buscador_spring_yo\src\test\resources
2022-04-19 01:40:42,252 [Worker-22: Building] WARN  o.e.m.c.i.embedder.EclipseLogger - Using platform encoding (Cp1252 actually) to copy filtered resources, i.e. build is platform dependent!
2022-04-19 01:40:42,253 [Worker-22: Building] INFO  o.e.m.c.i.embedder.EclipseLogger - skip non existing resourceDirectory C:\Users\alvaro.penalva\Documents\BabelCamp\Ejercicios2\02_buscador_spring_yo\src\main\resources
2022-04-19 01:40:42,255 [Worker-22: Building] WARN  o.e.m.c.i.embedder.EclipseLogger - Using platform encoding (Cp1252 actually) to copy filtered resources, i.e. build is platform dependent!
2022-04-19 01:40:42,255 [Worker-22: Building] INFO  o.e.m.c.i.embedder.EclipseLogger - skip non existing resourceDirectory C:\Users\alvaro.penalva\Documents\BabelCamp\Ejercicios2\02_buscador_spring_yo\src\test\resources
2022-04-19 01:41:01,884 [Worker-13: Building] WARN  o.e.m.c.i.embedder.EclipseLogger - Using platform encoding (Cp1252 actually) to copy filtered resources, i.e. build is platform dependent!
2022-04-19 01:41:01,885 [Worker-13: Building] INFO  o.e.m.c.i.embedder.EclipseLogger - skip non existing resourceDirectory C:\Users\alvaro.penalva\Documents\BabelCamp\Ejercicios2\02_buscador_spring_yo\src\main\resources
2022-04-19 01:41:01,885 [Worker-13: Building] WARN  o.e.m.c.i.embedder.EclipseLogger - Using platform encoding (Cp1252 actually) to copy filtered resources, i.e. build is platform dependent!
2022-04-19 01:41:01,886 [Worker-13: Building] INFO  o.e.m.c.i.embedder.EclipseLogger - skip non existing resourceDirectory C:\Users\alvaro.penalva\Documents\BabelCamp\Ejercicios2\02_buscador_spring_yo\src\test\resources
2022-04-19 01:42:10,317 [Worker-24: Building] WARN  o.e.m.c.i.embedder.EclipseLogger - Using platform encoding (Cp1252 actually) to copy filtered resources, i.e. build is platform dependent!
2022-04-19 01:42:10,318 [Worker-24: Building] INFO  o.e.m.c.i.embedder.EclipseLogger - skip non existing resourceDirectory C:\Users\alvaro.penalva\Documents\BabelCamp\Ejercicios2\02_buscador_spring_yo\src\main\resources
2022-04-19 01:42:10,319 [Worker-24: Building] WARN  o.e.m.c.i.embedder.EclipseLogger - Using platform encoding (Cp1252 actually) to copy filtered resources, i.e. build is platform dependent!
2022-04-19 01:42:10,320 [Worker-24: Building] INFO  o.e.m.c.i.embedder.EclipseLogger - skip non existing resourceDirectory C:\Users\alvaro.penalva\Documents\BabelCamp\Ejercicios2\02_buscador_spring_yo\src\test\resources
2022-04-19 01:42:41,073 [Worker-24: Building] WARN  o.e.m.c.i.embedder.EclipseLogger - Using platform encoding (Cp1252 actually) to copy filtered resources, i.e. build is platform dependent!
2022-04-19 01:42:41,074 [Worker-24: Building] INFO  o.e.m.c.i.embedder.EclipseLogger - skip non existing resourceDirectory C:\Users\alvaro.penalva\Documents\BabelCamp\Ejercicios2\02_buscador_spring_yo\src\main\resources
2022-04-19 01:42:41,075 [Worker-24: Building] WARN  o.e.m.c.i.embedder.EclipseLogger - Using platform encoding (Cp1252 actually) to copy filtered resources, i.e. build is platform dependent!
2022-04-19 01:42:41,076 [Worker-24: Building] INFO  o.e.m.c.i.embedder.EclipseLogger - skip non existing resourceDirectory C:\Users\alvaro.penalva\Documents\BabelCamp\Ejercicios2\02_buscador_spring_yo\src\test\resources
2022-04-19 01:43:18,656 [Worker-21: Building] WARN  o.e.m.c.i.embedder.EclipseLogger - Using platform encoding (Cp1252 actually) to copy filtered resources, i.e. build is platform dependent!
2022-04-19 01:43:18,658 [Worker-21: Building] INFO  o.e.m.c.i.embedder.EclipseLogger - skip non existing resourceDirectory C:\Users\alvaro.penalva\Documents\BabelCamp\Ejercicios2\02_buscador_spring_yo\src\main\resources
2022-04-19 01:43:18,658 [Worker-21: Building] WARN  o.e.m.c.i.embedder.EclipseLogger - Using platform encoding (Cp1252 actually) to copy filtered resources, i.e. build is platform dependent!
2022-04-19 01:43:18,660 [Worker-21: Building] INFO  o.e.m.c.i.embedder.EclipseLogger - skip non existing resourceDirectory C:\Users\alvaro.penalva\Documents\BabelCamp\Ejercicios2\02_buscador_spring_yo\src\test\resources
2022-04-19 01:44:48,017 [Worker-13: Building] WARN  o.e.m.c.i.embedder.EclipseLogger - Using platform encoding (Cp1252 actually) to copy filtered resources, i.e. build is platform dependent!
2022-04-19 01:44:48,018 [Worker-13: Building] INFO  o.e.m.c.i.embedder.EclipseLogger - skip non existing resourceDirectory C:\Users\alvaro.penalva\Documents\BabelCamp\Ejercicios2\02_buscador_spring_yo\src\main\resources
2022-04-19 01:44:48,020 [Worker-13: Building] WARN  o.e.m.c.i.embedder.EclipseLogger - Using platform encoding (Cp1252 actually) to copy filtered resources, i.e. build is platform dependent!
2022-04-19 01:44:48,021 [Worker-13: Building] INFO  o.e.m.c.i.embedder.EclipseLogger - skip non existing resourceDirectory C:\Users\alvaro.penalva\Documents\BabelCamp\Ejercicios2\02_buscador_spring_yo\src\test\resources
2022-04-19 01:47:03,064 [Worker-21: Building] WARN  o.e.m.c.i.embedder.EclipseLogger - Using platform encoding (Cp1252 actually) to copy filtered resources, i.e. build is platform dependent!
2022-04-19 01:47:03,064 [Worker-21: Building] INFO  o.e.m.c.i.embedder.EclipseLogger - skip non existing resourceDirectory C:\Users\alvaro.penalva\Documents\BabelCamp\Ejercicios2\02_buscador_spring_yo\src\main\resources
2022-04-19 01:47:03,066 [Worker-21: Building] WARN  o.e.m.c.i.embedder.EclipseLogger - Using platform encoding (Cp1252 actually) to copy filtered resources, i.e. build is platform dependent!
2022-04-19 01:47:03,066 [Worker-21: Building] INFO  o.e.m.c.i.embedder.EclipseLogger - skip non existing resourceDirectory C:\Users\alvaro.penalva\Documents\BabelCamp\Ejercicios2\02_buscador_spring_yo\src\test\resources
2022-04-19 01:47:16,696 [Worker-25: Building] WARN  o.e.m.c.i.embedder.EclipseLogger - Using platform encoding (Cp1252 actually) to copy filtered resources, i.e. build is platform dependent!
2022-04-19 01:47:16,697 [Worker-25: Building] INFO  o.e.m.c.i.embedder.EclipseLogger - skip non existing resourceDirectory C:\Users\alvaro.penalva\Documents\BabelCamp\Ejercicios2\02_buscador_spring_yo\src\main\resources
2022-04-19 01:47:16,700 [Worker-25: Building] WARN  o.e.m.c.i.embedder.EclipseLogger - Using platform encoding (Cp1252 actually) to copy filtered resources, i.e. build is platform dependent!
2022-04-19 01:47:16,701 [Worker-25: Building] INFO  o.e.m.c.i.embedder.EclipseLogger - skip non existing resourceDirectory C:\Users\alvaro.penalva\Documents\BabelCamp\Ejercicios2\02_buscador_spring_yo\src\test\resources
2022-04-19 01:47:29,929 [Worker-27: Building] WARN  o.e.m.c.i.embedder.EclipseLogger - Using platform encoding (Cp1252 actually) to copy filtered resources, i.e. build is platform dependent!
2022-04-19 01:47:29,930 [Worker-27: Building] INFO  o.e.m.c.i.embedder.EclipseLogger - skip non existing resourceDirectory C:\Users\alvaro.penalva\Documents\BabelCamp\Ejercicios2\02_buscador_spring_yo\src\main\resources
2022-04-19 01:47:29,932 [Worker-27: Building] WARN  o.e.m.c.i.embedder.EclipseLogger - Using platform encoding (Cp1252 actually) to copy filtered resources, i.e. build is platform dependent!
2022-04-19 01:47:29,933 [Worker-27: Building] INFO  o.e.m.c.i.embedder.EclipseLogger - skip non existing resourceDirectory C:\Users\alvaro.penalva\Documents\BabelCamp\Ejercicios2\02_buscador_spring_yo\src\test\resources
2022-04-19 01:47:33,609 [Worker-13: Building] WARN  o.e.m.c.i.embedder.EclipseLogger - Using platform encoding (Cp1252 actually) to copy filtered resources, i.e. build is platform dependent!
2022-04-19 01:47:33,613 [Worker-13: Building] INFO  o.e.m.c.i.embedder.EclipseLogger - skip non existing resourceDirectory C:\Users\alvaro.penalva\Documents\BabelCamp\Ejercicios2\02_buscador_spring_yo\src\main\resources
2022-04-19 01:47:33,614 [Worker-13: Building] WARN  o.e.m.c.i.embedder.EclipseLogger - Using platform encoding (Cp1252 actually) to copy filtered resources, i.e. build is platform dependent!
2022-04-19 01:47:33,615 [Worker-13: Building] INFO  o.e.m.c.i.embedder.EclipseLogger - skip non existing resourceDirectory C:\Users\alvaro.penalva\Documents\BabelCamp\Ejercicios2\02_buscador_spring_yo\src\test\resources
2022-04-19 01:47:38,031 [Worker-25: Building] WARN  o.e.m.c.i.embedder.EclipseLogger - Using platform encoding (Cp1252 actually) to copy filtered resources, i.e. build is platform dependent!
2022-04-19 01:47:38,032 [Worker-25: Building] INFO  o.e.m.c.i.embedder.EclipseLogger - skip non existing resourceDirectory C:\Users\alvaro.penalva\Documents\BabelCamp\Ejercicios2\02_buscador_spring_yo\src\main\resources
2022-04-19 01:47:38,032 [Worker-25: Building] WARN  o.e.m.c.i.embedder.EclipseLogger - Using platform encoding (Cp1252 actually) to copy filtered resources, i.e. build is platform dependent!
2022-04-19 01:47:38,033 [Worker-25: Building] INFO  o.e.m.c.i.embedder.EclipseLogger - skip non existing resourceDirectory C:\Users\alvaro.penalva\Documents\BabelCamp\Ejercicios2\02_buscador_spring_yo\src\test\resources
2022-04-19 01:52:12,080 [Worker-30: Building] WARN  o.e.m.c.i.embedder.EclipseLogger - Using platform encoding (Cp1252 actually) to copy filtered resources, i.e. build is platform dependent!
2022-04-19 01:52:12,081 [Worker-30: Building] INFO  o.e.m.c.i.embedder.EclipseLogger - skip non existing resourceDirectory C:\Users\alvaro.penalva\Documents\BabelCamp\Ejercicios2\02_buscador_spring_yo\src\main\resources
2022-04-19 01:52:12,082 [Worker-30: Building] WARN  o.e.m.c.i.embedder.EclipseLogger - Using platform encoding (Cp1252 actually) to copy filtered resources, i.e. build is platform dependent!
2022-04-19 01:52:12,083 [Worker-30: Building] INFO  o.e.m.c.i.embedder.EclipseLogger - skip non existing resourceDirectory C:\Users\alvaro.penalva\Documents\BabelCamp\Ejercicios2\02_buscador_spring_yo\src\test\resources
2022-04-19 01:52:44,400 [Worker-30: Building] WARN  o.e.m.c.i.embedder.EclipseLogger - Using platform encoding (Cp1252 actually) to copy filtered resources, i.e. build is platform dependent!
2022-04-19 01:52:44,401 [Worker-30: Building] INFO  o.e.m.c.i.embedder.EclipseLogger - skip non existing resourceDirectory C:\Users\alvaro.penalva\Documents\BabelCamp\Ejercicios2\02_buscador_spring_yo\src\main\resources
2022-04-19 01:52:44,402 [Worker-30: Building] WARN  o.e.m.c.i.embedder.EclipseLogger - Using platform encoding (Cp1252 actually) to copy filtered resources, i.e. build is platform dependent!
2022-04-19 01:52:44,404 [Worker-30: Building] INFO  o.e.m.c.i.embedder.EclipseLogger - skip non existing resourceDirectory C:\Users\alvaro.penalva\Documents\BabelCamp\Ejercicios2\02_buscador_spring_yo\src\test\resources
2022-04-19 01:53:45,905 [Worker-13: Building] WARN  o.e.m.c.i.embedder.EclipseLogger - Using platform encoding (Cp1252 actually) to copy filtered resources, i.e. build is platform dependent!
2022-04-19 01:53:45,920 [Worker-13: Building] INFO  o.e.m.c.i.embedder.EclipseLogger - skip non existing resourceDirectory C:\Users\alvaro.penalva\Documents\BabelCamp\Ejercicios2\02_buscador_spring_yo\src\main\resources
2022-04-19 01:53:45,922 [Worker-13: Building] WARN  o.e.m.c.i.embedder.EclipseLogger - Using platform encoding (Cp1252 actually) to copy filtered resources, i.e. build is platform dependent!
2022-04-19 01:53:45,923 [Worker-13: Building] INFO  o.e.m.c.i.embedder.EclipseLogger - skip non existing resourceDirectory C:\Users\alvaro.penalva\Documents\BabelCamp\Ejercicios2\02_buscador_spring_yo\src\test\resources
2022-04-19 01:53:50,094 [Worker-30: Building] WARN  o.e.m.c.i.embedder.EclipseLogger - Using platform encoding (Cp1252 actually) to copy filtered resources, i.e. build is platform dependent!
2022-04-19 01:53:50,095 [Worker-30: Building] INFO  o.e.m.c.i.embedder.EclipseLogger - skip non existing resourceDirectory C:\Users\alvaro.penalva\Documents\BabelCamp\Ejercicios2\02_buscador_spring_yo\src\main\resources
2022-04-19 01:53:50,096 [Worker-30: Building] WARN  o.e.m.c.i.embedder.EclipseLogger - Using platform encoding (Cp1252 actually) to copy filtered resources, i.e. build is platform dependent!
2022-04-19 01:53:50,098 [Worker-30: Building] INFO  o.e.m.c.i.embedder.EclipseLogger - skip non existing resourceDirectory C:\Users\alvaro.penalva\Documents\BabelCamp\Ejercicios2\02_buscador_spring_yo\src\test\resources
2022-04-19 01:55:36,789 [Worker-33: Building] WARN  o.e.m.c.i.embedder.EclipseLogger - Using platform encoding (Cp1252 actually) to copy filtered resources, i.e. build is platform dependent!
2022-04-19 01:55:36,790 [Worker-33: Building] INFO  o.e.m.c.i.embedder.EclipseLogger - skip non existing resourceDirectory C:\Users\alvaro.penalva\Documents\BabelCamp\Ejercicios2\02_buscador_spring_yo\src\main\resources
2022-04-19 01:55:36,791 [Worker-33: Building] WARN  o.e.m.c.i.embedder.EclipseLogger - Using platform encoding (Cp1252 actually) to copy filtered resources, i.e. build is platform dependent!
2022-04-19 01:55:36,792 [Worker-33: Building] INFO  o.e.m.c.i.embedder.EclipseLogger - skip non existing resourceDirectory C:\Users\alvaro.penalva\Documents\BabelCamp\Ejercicios2\02_buscador_spring_yo\src\test\resources
2022-04-19 01:55:44,037 [Worker-26: Building] WARN  o.e.m.c.i.embedder.EclipseLogger - Using platform encoding (Cp1252 actually) to copy filtered resources, i.e. build is platform dependent!
2022-04-19 01:55:44,037 [Worker-26: Building] INFO  o.e.m.c.i.embedder.EclipseLogger - skip non existing resourceDirectory C:\Users\alvaro.penalva\Documents\BabelCamp\Ejercicios2\02_buscador_spring_yo\src\main\resources
2022-04-19 01:55:44,038 [Worker-26: Building] WARN  o.e.m.c.i.embedder.EclipseLogger - Using platform encoding (Cp1252 actually) to copy filtered resources, i.e. build is platform dependent!
2022-04-19 01:55:44,038 [Worker-26: Building] INFO  o.e.m.c.i.embedder.EclipseLogger - skip non existing resourceDirectory C:\Users\alvaro.penalva\Documents\BabelCamp\Ejercicios2\02_buscador_spring_yo\src\test\resources
